<Event xmlns="http://schemas.microsoft.com/win/2004/08/events/event">
    <System>
      <Provider Name="Microsoft-Windows-Diagnostics-Performance" Guid="{CFC18EC0-96B1-4EBA-961B-622CAEE05B0A}" />
      <EventID>200</EventID>
      <Version>1</Version>
      <Level>3</Level>
      <Task>4007</Task>
      <Opcode>40</Opcode>
      <Keywords>0x8000000000010000</Keywords>
      <TimeCreated SystemTime="2010-07-29T20:33:24.556606100Z" />
      <EventRecordID>28</EventRecordID>
      <Correlation ActivityID="{00000100-0000-0002-A45A-A2045D2FCB01}" />
      <Execution ProcessID="1240" ThreadID="1644" />
      <Channel>Microsoft-Windows-Diagnostics-Performance/Operational</Channel>
      <Computer>WIN-IBMCHNQPHVF</Computer>
      <Security UserID="S-1-5-19" />
    </System>
    <EventData>
      <Data Name="ShutdownTsVersion">1</Data>
      <Data Name="ShutdownStartTime">2010-07-29T20:26:29.823100700Z</Data>
      <Data Name="ShutdownEndTime">2010-07-29T20:26:36.231093000Z</Data>
      <Data Name="ShutdownTime">6407</Data>
      <Data Name="ShutdownUserSessionTime">2738</Data>
      <Data Name="ShutdownUserPolicyTime">0</Data>
      <Data Name="ShutdownUserProfilesTime">184</Data>
      <Data Name="ShutdownSystemSessionsTime">1727</Data>
      <Data Name="ShutdownPreShutdownNotificationsTime">98</Data>
      <Data Name="ShutdownServicesTime">1257</Data>
      <Data Name="ShutdownKernelTime">1941</Data>
      <Data Name="ShutdownRootCauseStepImprovementBits">0</Data>
      <Data Name="ShutdownRootCauseGradualImprovementBits">0</Data>
      <Data Name="ShutdownRootCauseStepDegradationBits">0</Data>
      <Data Name="ShutdownRootCauseGradualDegradationBits">0</Data>
      <Data Name="ShutdownIsDegradation">false</Data>
      <Data Name="ShutdownTimeChange">0</Data>
    </EventData>
  </Event>
  <Event xmlns="http://schemas.microsoft.com/win/2004/08/events/event">
    <System>
      <Provider Name="Microsoft-Windows-Diagnostics-Performance" Guid="{CFC18EC0-96B1-4EBA-961B-622CAEE05B0A}" />
      <EventID>200</EventID>
      <Version>1</Version>
      <Level>3</Level>
      <Task>4007</Task>
      <Opcode>40</Opcode>
      <Keywords>0x8000000000010000</Keywords>
      <TimeCreated SystemTime="2010-07-29T20:26:28.037815700Z" />
      <EventRecordID>27</EventRecordID>
      <Correlation ActivityID="{00000100-0000-0006-05B0-2F095C2FCB01}" />
      <Execution ProcessID="1280" ThreadID="1796" />
      <Channel>Microsoft-Windows-Diagnostics-Performance/Operational</Channel>
      <Computer>WIN-IBMCHNQPHVF</Computer>
      <Security UserID="S-1-5-19" />
    </System>
    <EventData>
      <Data Name="ShutdownTsVersion">1</Data>
      <Data Name="ShutdownStartTime">2010-07-29T20:24:05.022384300Z</Data>
      <Data Name="ShutdownEndTime">2010-07-29T20:24:11.249232900Z</Data>
      <Data Name="ShutdownTime">6226</Data>
      <Data Name="ShutdownUserSessionTime">2816</Data>
      <Data Name="ShutdownUserPolicyTime">0</Data>
      <Data Name="ShutdownUserProfilesTime">129</Data>
      <Data Name="ShutdownSystemSessionsTime">1692</Data>
      <Data Name="ShutdownPreShutdownNotificationsTime">106</Data>
      <Data Name="ShutdownServicesTime">1255</Data>
      <Data Name="ShutdownKernelTime">1718</Data>
      <Data Name="ShutdownRootCauseStepImprovementBits">128</Data>
      <Data Name="ShutdownRootCauseGradualImprovementBits">0</Data>
      <Data Name="ShutdownRootCauseStepDegradationBits">0</Data>
      <Data Name="ShutdownRootCauseGradualDegradationBits">0</Data>
      <Data Name="ShutdownIsDegradation">false</Data>
      <Data Name="ShutdownTimeChange">0</Data>
    </EventData>
  </Event>
  <Event xmlns="http://schemas.microsoft.com/win/2004/08/events/event">
    <System>
      <Provider Name="Microsoft-Windows-Diagnostics-Performance" Guid="{CFC18EC0-96B1-4EBA-961B-622CAEE05B0A}" />
      <EventID>200</EventID>
      <Version>1</Version>
      <Level>3</Level>
      <Task>4007</Task>
      <Opcode>40</Opcode>
      <Keywords>0x8000000000010000</Keywords>
      <TimeCreated SystemTime="2010-07-29T20:16:14.026625000Z" />
      <EventRecordID>21</EventRecordID>
      <Correlation ActivityID="{00000100-0000-0002-67A4-34985A2FCB01}" />
      <Execution ProcessID="1272" ThreadID="1344" />
      <Channel>Microsoft-Windows-Diagnostics-Performance/Operational</Channel>
      <Computer>WIN-IBMCHNQPHVF</Computer>
      <Security UserID="S-1-5-19" />
    </System>
    <EventData>
      <Data Name="ShutdownTsVersion">1</Data>
      <Data Name="ShutdownStartTime">2010-07-29T20:13:44.994310400Z</Data>
      <Data Name="ShutdownEndTime">2010-07-29T20:13:51.682662600Z</Data>
      <Data Name="ShutdownTime">6688</Data>
      <Data Name="ShutdownUserSessionTime">2699</Data>
      <Data Name="ShutdownUserPolicyTime">0</Data>
      <Data Name="ShutdownUserProfilesTime">111</Data>
      <Data Name="ShutdownSystemSessionsTime">2040</Data>
      <Data Name="ShutdownPreShutdownNotificationsTime">103</Data>
      <Data Name="ShutdownServicesTime">1464</Data>
      <Data Name="ShutdownKernelTime">1948</Data>
      <Data Name="ShutdownRootCauseStepImprovementBits">0</Data>
      <Data Name="ShutdownRootCauseGradualImprovementBits">0</Data>
      <Data Name="ShutdownRootCauseStepDegradationBits">0</Data>
      <Data Name="ShutdownRootCauseGradualDegradationBits">0</Data>
      <Data Name="ShutdownIsDegradation">false</Data>
      <Data Name="ShutdownTimeChange">0</Data>
    </EventData>
  </Event>
  <Event xmlns="http://schemas.microsoft.com/win/2004/08/events/event">
    <System>
      <Provider Name="Microsoft-Windows-Diagnostics-Performance" Guid="{CFC18EC0-96B1-4EBA-961B-622CAEE05B0A}" />
      <EventID>200</EventID>
      <Version>1</Version>
      <Level>3</Level>
      <Task>4007</Task>
      <Opcode>40</Opcode>
      <Keywords>0x8000000000010000</Keywords>
      <TimeCreated SystemTime="2010-07-29T20:13:15.463005900Z" />
      <EventRecordID>17</EventRecordID>
      <Correlation ActivityID="{00000100-0000-0000-057F-0F345A2FCB01}" />
      <Execution ProcessID="1376" ThreadID="1828" />
      <Channel>Microsoft-Windows-Diagnostics-Performance/Operational</Channel>
      <Computer>WIN-IBMCHNQPHVF</Computer>
      <Security UserID="S-1-5-19" />
    </System>
    <EventData>
      <Data Name="ShutdownTsVersion">1</Data>
      <Data Name="ShutdownStartTime">2010-07-29T18:09:54.688798700Z</Data>
      <Data Name="ShutdownEndTime">2010-07-29T18:10:00.903162800Z</Data>
      <Data Name="ShutdownTime">6214</Data>
      <Data Name="ShutdownUserSessionTime">2578</Data>
      <Data Name="ShutdownUserPolicyTime">0</Data>
      <Data Name="ShutdownUserProfilesTime">38</Data>
      <Data Name="ShutdownSystemSessionsTime">2475</Data>
      <Data Name="ShutdownPreShutdownNotificationsTime">327</Data>
      <Data Name="ShutdownServicesTime">1844</Data>
      <Data Name="ShutdownKernelTime">1161</Data>
      <Data Name="ShutdownRootCauseStepImprovementBits">0</Data>
      <Data Name="ShutdownRootCauseGradualImprovementBits">0</Data>
      <Data Name="ShutdownRootCauseStepDegradationBits">0</Data>
      <Data Name="ShutdownRootCauseGradualDegradationBits">0</Data>
      <Data Name="ShutdownIsDegradation">false</Data>
      <Data Name="ShutdownTimeChange">0</Data>
    </EventData>
  </Event>
  <Event xmlns="http://schemas.microsoft.com/win/2004/08/events/event">
    <System>
      <Provider Name="Microsoft-Windows-Diagnostics-Performance" Guid="{CFC18EC0-96B1-4EBA-961B-622CAEE05B0A}" />
      <EventID>200</EventID>
      <Version>1</Version>
      <Level>3</Level>
      <Task>4007</Task>
      <Opcode>40</Opcode>
      <Keywords>0x8000000000010000</Keywords>
      <TimeCreated SystemTime="2010-07-29T18:07:31.364214500Z" />
      <EventRecordID>14</EventRecordID>
      <Correlation ActivityID="{00000100-0000-0002-433A-73A0482FCB01}" />
      <Execution ProcessID="1220" ThreadID="1236" />
      <Channel>Microsoft-Windows-Diagnostics-Performance/Operational</Channel>
      <Computer>WIN-IBMCHNQPHVF</Computer>
      <Security UserID="S-1-5-19" />
    </System>
    <EventData>
      <Data Name="ShutdownTsVersion">1</Data>
      <Data Name="ShutdownStartTime">2010-07-29T18:05:07.225416100Z</Data>
      <Data Name="ShutdownEndTime">2010-07-29T18:05:13.571085700Z</Data>
      <Data Name="ShutdownTime">6345</Data>
      <Data Name="ShutdownUserSessionTime">2259</Data>
      <Data Name="ShutdownUserPolicyTime">0</Data>
      <Data Name="ShutdownUserProfilesTime">27</Data>
      <Data Name="ShutdownSystemSessionsTime">2104</Data>
      <Data Name="ShutdownPreShutdownNotificationsTime">115</Data>
      <Data Name="ShutdownServicesTime">1740</Data>
      <Data Name="ShutdownKernelTime">1981</Data>
      <Data Name="ShutdownRootCauseStepImprovementBits">0</Data>
      <Data Name="ShutdownRootCauseGradualImprovementBits">0</Data>
      <Data Name="ShutdownRootCauseStepDegradationBits">0</Data>
      <Data Name="ShutdownRootCauseGradualDegradationBits">0</Data>
      <Data Name="ShutdownIsDegradation">false</Data>
      <Data Name="ShutdownTimeChange">0</Data>
    </EventData>
  </Event>
  <Event xmlns="http://schemas.microsoft.com/win/2004/08/events/event">
    <System>
      <Provider Name="Microsoft-Windows-Diagnostics-Performance" Guid="{CFC18EC0-96B1-4EBA-961B-622CAEE05B0A}" />
      <EventID>200</EventID>
      <Version>1</Version>
      <Level>3</Level>
      <Task>4007</Task>
      <Opcode>40</Opcode>
      <Keywords>0x8000000000010000</Keywords>
      <TimeCreated SystemTime="2010-07-29T18:00:48.149822700Z" />
      <EventRecordID>12</EventRecordID>
      <Correlation ActivityID="{00000100-0000-0000-0521-48AD472FCB01}" />
      <Execution ProcessID="928" ThreadID="1488" />
      <Channel>Microsoft-Windows-Diagnostics-Performance/Operational</Channel>
      <Computer>WIN-IBMCHNQPHVF</Computer>
      <Security UserID="S-1-5-19" />
    </System>
    <EventData>
      <Data Name="ShutdownTsVersion">1</Data>
      <Data Name="ShutdownStartTime">2010-07-29T17:58:19.013566200Z</Data>
      <Data Name="ShutdownEndTime">2010-07-29T17:58:27.632174700Z</Data>
      <Data Name="ShutdownTime">8618</Data>
      <Data Name="ShutdownUserSessionTime">2490</Data>
      <Data Name="ShutdownUserPolicyTime">0</Data>
      <Data Name="ShutdownUserProfilesTime">295</Data>
      <Data Name="ShutdownSystemSessionsTime">2097</Data>
      <Data Name="ShutdownPreShutdownNotificationsTime">319</Data>
      <Data Name="ShutdownServicesTime">1212</Data>
      <Data Name="ShutdownKernelTime">4030</Data>
      <Data Name="ShutdownRootCauseStepImprovementBits">0</Data>
      <Data Name="ShutdownRootCauseGradualImprovementBits">0</Data>
      <Data Name="ShutdownRootCauseStepDegradationBits">384</Data>
      <Data Name="ShutdownRootCauseGradualDegradationBits">0</Data>
      <Data Name="ShutdownIsDegradation">true</Data>
      <Data Name="ShutdownTimeChange">0</Data>
    </EventData>
  </Event>
  <Event xmlns="http://schemas.microsoft.com/win/2004/08/events/event">
    <System>
      <Provider Name="Microsoft-Windows-Diagnostics-Performance" Guid="{CFC18EC0-96B1-4EBA-961B-622CAEE05B0A}" />
      <EventID>200</EventID>
      <Version>1</Version>
      <Level>3</Level>
      <Task>4007</Task>
      <Opcode>40</Opcode>
      <Keywords>0x8000000000010000</Keywords>
      <TimeCreated SystemTime="2010-07-29T17:57:17.035452600Z" />
      <EventRecordID>7</EventRecordID>
      <Correlation ActivityID="{00000100-0000-0000-0417-6225472FCB01}" />
      <Execution ProcessID="1016" ThreadID="1492" />
      <Channel>Microsoft-Windows-Diagnostics-Performance/Operational</Channel>
      <Computer>WIN-IBMCHNQPHVF</Computer>
      <Security UserID="S-1-5-19" />
    </System>
    <EventData>
      <Data Name="ShutdownTsVersion">1</Data>
      <Data Name="ShutdownStartTime">2010-07-29T17:54:18.922830300Z</Data>
      <Data Name="ShutdownEndTime">2010-07-29T17:54:39.607038000Z</Data>
      <Data Name="ShutdownTime">20684</Data>
      <Data Name="ShutdownUserSessionTime">2263</Data>
      <Data Name="ShutdownUserPolicyTime">0</Data>
      <Data Name="ShutdownUserProfilesTime">356</Data>
      <Data Name="ShutdownSystemSessionsTime">14879</Data>
      <Data Name="ShutdownPreShutdownNotificationsTime">12887</Data>
      <Data Name="ShutdownServicesTime">1769</Data>
      <Data Name="ShutdownKernelTime">3541</Data>
      <Data Name="ShutdownRootCauseStepImprovementBits">0</Data>
      <Data Name="ShutdownRootCauseGradualImprovementBits">0</Data>
      <Data Name="ShutdownRootCauseStepDegradationBits">273</Data>
      <Data Name="ShutdownRootCauseGradualDegradationBits">273</Data>
      <Data Name="ShutdownIsDegradation">true</Data>
      <Data Name="ShutdownTimeChange">4934</Data>
    </EventData>
  </Event>
  <Event xmlns="http://schemas.microsoft.com/win/2004/08/events/event">
    <System>
      <Provider Name="Microsoft-Windows-Diagnostics-Performance" Guid="{CFC18EC0-96B1-4EBA-961B-622CAEE05B0A}" />
      <EventID>200</EventID>
      <Version>1</Version>
      <Level>3</Level>
      <Task>4007</Task>
      <Opcode>40</Opcode>
      <Keywords>0x8000000000010000</Keywords>
      <TimeCreated SystemTime="2010-07-29T17:48:34.135011300Z" />
      <EventRecordID>4</EventRecordID>
      <Correlation ActivityID="{00000100-0000-0001-6397-EDFB452FCB01}" />
      <Execution ProcessID="772" ThreadID="1036" />
      <Channel>Microsoft-Windows-Diagnostics-Performance/Operational</Channel>
      <Computer>WIN-IBMCHNQPHVF</Computer>
      <Security UserID="S-1-5-19" />
    </System>
    <EventData>
      <Data Name="ShutdownTsVersion">1</Data>
      <Data Name="ShutdownStartTime">2010-07-29T17:46:13.717870000Z</Data>
      <Data Name="ShutdownEndTime">2010-07-29T17:46:21.960793400Z</Data>
      <Data Name="ShutdownTime">8242</Data>
      <Data Name="ShutdownUserSessionTime">2479</Data>
      <Data Name="ShutdownUserPolicyTime">0</Data>
      <Data Name="ShutdownUserProfilesTime">455</Data>
      <Data Name="ShutdownSystemSessionsTime">2152</Data>
      <Data Name="ShutdownPreShutdownNotificationsTime">115</Data>
      <Data Name="ShutdownServicesTime">1809</Data>
      <Data Name="ShutdownKernelTime">3610</Data>
      <Data Name="ShutdownRootCauseStepImprovementBits">0</Data>
      <Data Name="ShutdownRootCauseGradualImprovementBits">0</Data>
      <Data Name="ShutdownRootCauseStepDegradationBits">0</Data>
      <Data Name="ShutdownRootCauseGradualDegradationBits">0</Data>
      <Data Name="ShutdownIsDegradation">false</Data>
      <Data Name="ShutdownTimeChange">0</Data>
    </EventData>
  </Event>
  <Event xmlns="http://schemas.microsoft.com/win/2004/08/events/event">
    <System>
      <Provider Name="Microsoft-Windows-Diagnostics-Performance" Guid="{CFC18EC0-96B1-4EBA-961B-622CAEE05B0A}" />
      <EventID>200</EventID>
      <Version>1</Version>
      <Level>3</Level>
      <Task>4007</Task>
      <Opcode>40</Opcode>
      <Keywords>0x8000000000010000</Keywords>
      <TimeCreated SystemTime="2010-07-29T17:46:08.395814900Z" />
      <EventRecordID>1</EventRecordID>
      <Correlation ActivityID="{00000100-0000-0002-C3F6-B8A3452FCB01}" />
      <Execution ProcessID="840" ThreadID="1404" />
      <Channel>Microsoft-Windows-Diagnostics-Performance/Operational</Channel>
      <Computer>WIN-IBMCHNQPHVF</Computer>
      <Security UserID="S-1-5-19" />
    </System>
    <EventData>
      <Data Name="ShutdownTsVersion">1</Data>
      <Data Name="ShutdownStartTime">2010-07-29T17:43:45.785921400Z</Data>
      <Data Name="ShutdownEndTime">2010-07-29T17:43:52.947720500Z</Data>
      <Data Name="ShutdownTime">7161</Data>
      <Data Name="ShutdownUserSessionTime">2269</Data>
      <Data Name="ShutdownUserPolicyTime">0</Data>
      <Data Name="ShutdownUserProfilesTime">252</Data>
      <Data Name="ShutdownSystemSessionsTime">1701</Data>
      <Data Name="ShutdownPreShutdownNotificationsTime">111</Data>
      <Data Name="ShutdownServicesTime">1336</Data>
      <Data Name="ShutdownKernelTime">3190</Data>
      <Data Name="ShutdownRootCauseStepImprovementBits">0</Data>
      <Data Name="ShutdownRootCauseGradualImprovementBits">0</Data>
      <Data Name="ShutdownRootCauseStepDegradationBits">0</Data>
      <Data Name="ShutdownRootCauseGradualDegradationBits">0</Data>
      <Data Name="ShutdownIsDegradation">false</Data>
      <Data Name="ShutdownTimeChange">0</Data>
    </EventData>
  </Event>
</rootNode>